<?xml version="1.0" encoding="UTF-8"?>
<testng-results ignored="0" total="1" passed="0" failed="1" skipped="0">
  <reporter-output>
  </reporter-output>
  <suite started-at="2023-12-21T21:32:18 IST" name="Default suite" finished-at="2023-12-21T21:32:56 IST" duration-ms="37854">
    <groups>
      <group name="cucumber">
        <method signature="AbstractTestNGCucumberTests.runScenario(io.cucumber.testng.PickleWrapper,io.cucumber.testng.FeatureWrapper)[pri:0, instance:com.anurag.runners.AppRunner@5745ca0e]" name="runScenario" class="io.cucumber.testng.AbstractTestNGCucumberTests"/>
      </group> <!-- cucumber -->
    </groups>
    <test started-at="2023-12-21T21:32:18 IST" name="Default test" finished-at="2023-12-21T21:32:56 IST" duration-ms="37854">
      <class name="com.anurag.runners.AppRunner">
        <test-method is-config="true" signature="setUpClass()[pri:0, instance:com.anurag.runners.AppRunner@5745ca0e]" started-at="2023-12-21T21:32:18 IST" name="setUpClass" finished-at="2023-12-21T21:32:18 IST" duration-ms="756" status="PASS">
          <reporter-output>
          </reporter-output>
        </test-method> <!-- setUpClass -->
        <test-method signature="runScenario(io.cucumber.testng.PickleWrapper,io.cucumber.testng.FeatureWrapper)[pri:0, instance:com.anurag.runners.AppRunner@5745ca0e]" started-at="2023-12-21T21:32:18 IST" name="runScenario" description="Runs Cucumber Scenarios" data-provider="scenarios" finished-at="2023-12-21T21:32:45 IST" duration-ms="26857" status="FAIL">
          <params>
            <param index="0">
              <value>
                <![CDATA["log in facebbok"]]>
              </value>
            </param>
            <param index="1">
              <value>
                <![CDATA["Optional[facebook login]"]]>
              </value>
            </param>
          </params>
          <exception class="java.lang.AssertionError">
            <message>
              <![CDATA[expected [false] but found [true]]]>
            </message>
            <full-stacktrace>
              <![CDATA[java.lang.AssertionError: expected [false] but found [true]
at org.testng.Assert.fail(Assert.java:110)
at org.testng.Assert.failNotEquals(Assert.java:1577)
at org.testng.Assert.assertFalse(Assert.java:78)
at org.testng.Assert.assertFalse(Assert.java:88)
at stepDefinition.FaceboolStepDef.it_should_show_the_error_message(FaceboolStepDef.java:73)
at âœ½.it should show the error message(file:///Users/anuragchaturvedi/git/ExtentReportConfig/src/test/resources/Features/facebook.feature:8)
]]>
            </full-stacktrace>
          </exception> <!-- java.lang.AssertionError -->
          <reporter-output>
          </reporter-output>
        </test-method> <!-- runScenario -->
        <test-method is-config="true" signature="tearDownClass()[pri:0, instance:com.anurag.runners.AppRunner@5745ca0e]" started-at="2023-12-21T21:32:45 IST" name="tearDownClass" finished-at="2023-12-21T21:32:56 IST" duration-ms="10179" status="PASS">
          <reporter-output>
          </reporter-output>
        </test-method> <!-- tearDownClass -->
        <test-method is-config="true" signature="generateReport()[pri:0, instance:com.anurag.runners.AppRunner@5745ca0e]" started-at="2023-12-21T21:32:56 IST" name="generateReport" finished-at="2023-12-21T21:32:57 IST" duration-ms="974" status="PASS">
          <reporter-output>
          </reporter-output>
        </test-method> <!-- generateReport -->
      </class> <!-- com.anurag.runners.AppRunner -->
    </test> <!-- Default test -->
  </suite> <!-- Default suite -->
</testng-results>
