<?xml version="1.0" encoding="UTF-8"?>
<!-- Generated by org.testng.reporters.JUnitReportReporter -->
<testsuite hostname="anurags-MacBook-Air.local" failures="1" tests="1" name="com.anurag.runners.AppRunner" time="21.287" errors="0" timestamp="2023-08-26T18:50:01 IST" skipped="0">
  <testcase classname="com.anurag.runners.AppRunner" name="runScenario" time="21.287">
    <failure message="expected [false] but found [true]" type="java.lang.AssertionError">
      <![CDATA[java.lang.AssertionError: expected [false] but found [true]
at org.testng.Assert.fail(Assert.java:111)
at org.testng.Assert.failNotEquals(Assert.java:1578)
at org.testng.Assert.assertFalse(Assert.java:79)
at org.testng.Assert.assertFalse(Assert.java:89)
at stepDefinition.FaceboolStepDef.it_should_show_the_error_message(FaceboolStepDef.java:60)
at âœ½.it should show the error message(file:///Users/anuragchaturvedi/git/ExtentReportConfig/src/test/resources/Features/facebook.feature:8)
]]>
    </failure>
  </testcase> <!-- runScenario -->
</testsuite> <!-- com.anurag.runners.AppRunner -->
